** Drc report for slimsplaydy_left.kicad_pcb **
** Created on 2026-06-05T18:06:57-0500 **

** Found 30 DRC violations **
[silk_edge_clearance]: Silkscreen clipped by board edge
    Rule: board setup constraints silk; warning
    @(83.5479 mm, -25.5502 mm): Segment on Edge.Cuts
    @(81.0979 mm, -55.6802 mm): Segment of MCU1 on F.Silkscreen
[silk_edge_clearance]: Silkscreen clipped by board edge
    Rule: board setup constraints silk; warning
    @(84.0479 mm, -25.5503 mm): Arc on Edge.Cuts
    @(81.0979 mm, -25.0802 mm): Segment of MCU1 on F.Silkscreen
[silk_edge_clearance]: Silkscreen clipped by board edge
    Rule: board setup constraints silk; warning
    @(84.0479 mm, -25.5503 mm): Arc on Edge.Cuts
    @(83.7579 mm, -55.6802 mm): Segment of MCU1 on F.Silkscreen
[silk_edge_clearance]: Silkscreen clipped by board edge
    Rule: board setup constraints silk; warning
    @(96.0479 mm, -25.5502 mm): Arc on Edge.Cuts
    @(96.3379 mm, -55.6802 mm): Segment of MCU1 on F.Silkscreen
[silk_edge_clearance]: Silkscreen clipped by board edge
    Rule: board setup constraints silk; warning
    @(96.5479 mm, -25.5502 mm): Segment on Edge.Cuts
    @(96.3379 mm, -55.6802 mm): Segment of MCU1 on F.Silkscreen
[silk_edge_clearance]: Silkscreen clipped by board edge
    Rule: board setup constraints silk; warning
    @(96.5479 mm, -25.5502 mm): Segment on Edge.Cuts
    @(96.3379 mm, -53.0802 mm): Segment of MCU1 on F.Silkscreen
[silk_edge_clearance]: Silkscreen clipped by board edge
    Rule: board setup constraints silk; warning
    @(96.0479 mm, -25.5502 mm): Arc on Edge.Cuts
    @(96.3379 mm, -25.0802 mm): Segment of MCU1 on F.Silkscreen
[lib_footprint_issues]: The current configuration does not include the footprint library 'ceoloide'.
    Local override; warning
    @(61.0479 mm, -60.4502 mm): Footprint MH15
[lib_footprint_issues]: The current configuration does not include the footprint library 'ceoloide'.
    Local override; warning
    @(77.0479 mm, -57.9502 mm): Footprint MH4
[lib_footprint_issues]: The current configuration does not include the footprint library 'ceoloide'.
    Local override; warning
    @(101.0479 mm, 8.5498 mm): Footprint MH8
[lib_footprint_issues]: The current configuration does not include the footprint library 'ceoloide'.
    Local override; warning
    @(101.0479 mm, -12.4502 mm): Footprint RST1
[lib_footprint_issues]: The current configuration does not include the footprint library 'ceoloide'.
    Local override; warning
    @(101.8479 mm, -55.4502 mm): Footprint MH5
[lib_footprint_issues]: The current configuration does not include the footprint library 'ceoloide'.
    Local override; warning
    @(35.0479 mm, -64.7502 mm): Footprint MH3
[lib_footprint_issues]: The current configuration does not include the footprint library 'ceoloide'.
    Local override; warning
    @(-13.2589 mm, -15.3037 mm): Footprint MH2
[lib_footprint_issues]: The current configuration does not include the footprint library 'ceoloide'.
    Local override; warning
    @(2.9625 mm, -51.8140 mm): Footprint MH14
[lib_footprint_issues]: The current configuration does not include the footprint library 'ceoloide'.
    Local override; warning
    @(-16.0959 mm, -42.6752 mm): Footprint MH13
[lib_footprint_issues]: The current configuration does not include the footprint library 'ceoloide'.
    Local override; warning
    @(91.9088 mm, 28.7926 mm): Footprint MH1
[lib_footprint_issues]: The current configuration does not include the footprint library 'ceoloide'.
    Local override; warning
    @(90.0479 mm, -41.6502 mm): Footprint MCU1
[lib_footprint_issues]: The current configuration does not include the footprint library 'ceoloide'.
    Local override; warning
    @(29.0479 mm, -7.4502 mm): Footprint MH10
[lib_footprint_issues]: The current configuration does not include the footprint library 'ceoloide'.
    Local override; warning
    @(59.9053 mm, 15.6220 mm): Footprint MH9
[lib_footprint_issues]: The current configuration does not include the footprint library 'ceoloide'.
    Local override; warning
    @(-8.4135 mm, 11.9876 mm): Footprint MH12
[lib_footprint_issues]: The current configuration does not include the footprint library 'ceoloide'.
    Local override; warning
    @(82.5479 mm, 0.5498 mm): Footprint MH7
[lib_footprint_issues]: The current configuration does not include the footprint library 'ceoloide'.
    Local override; warning
    @(101.7979 mm, -1.4502 mm): Footprint PWR1
[lib_footprint_issues]: The current configuration does not include the footprint library 'ceoloide'.
    Local override; warning
    @(90.0479 mm, -21.4502 mm): Footprint MH6
[lib_footprint_issues]: The current configuration does not include the footprint library 'ceoloide'.
    Local override; warning
    @(8.0479 mm, 11.5498 mm): Footprint MH11
[silk_overlap]: Silkscreen overlap
    Rule: board setup constraints silk; warning
    @(98.9979 mm, -55.6802 mm): Segment of MCU1 on F.Silkscreen
    @(99.7479 mm, -46.7302 mm): Footprint text of MCU1 (GND)
[silk_overlap]: Silkscreen overlap
    Rule: board setup constraints silk; warning
    @(98.9979 mm, -55.6802 mm): Segment of MCU1 on F.Silkscreen
    @(99.7479 mm, -49.2702 mm): Footprint text of MCU1 (GND)
[silk_overlap]: Silkscreen overlap
    Rule: board setup constraints silk; warning
    @(80.3479 mm, -51.8102 mm): Footprint text of MCU1 (GND)
    @(81.0979 mm, -55.6802 mm): Segment of MCU1 on F.Silkscreen
[silk_overlap]: Silkscreen overlap
    Rule: board setup constraints silk; warning
    @(80.3479 mm, -31.4902 mm): Footprint text of MCU1 (D14)
    @(81.0979 mm, -55.6802 mm): Segment of MCU1 on F.Silkscreen
[silk_overlap]: Silkscreen overlap
    Rule: board setup constraints silk; warning
    @(81.0979 mm, -55.6802 mm): Segment of MCU1 on F.Silkscreen
    @(80.3479 mm, -54.3502 mm): Footprint text of MCU1 (RAW)

** Found 0 unconnected pads **

** Found 0 Footprint errors **

** End of Report **
